Mock Version: 6.5
Mock Version: 6.5
Mock Version: 6.5
ENTER ['do_with_status'](['bash', '--login', '-c', '/usr/bin/rpmbuild -bs --noclean --target i686 --nodeps /builddir/build/SPECS/6tunnel.spec'], chrootPath='/var/lib/mock/f44-build-65136645-6632254/root'env={'TERM': 'vt100', 'SHELL': '/bin/bash', 'HOME': '/builddir', 'HOSTNAME': 'mock', 'PATH': '/usr/bin:/bin:/usr/sbin:/sbin', 'PROMPT_COMMAND': 'printf "\\033]0;<mock-chroot>\\007"', 'PS1': '<mock-chroot> \\s-\\v\\$ ', 'LANG': 'C.UTF-8'}shell=Falselogger=<mockbuild.trace_decorator.getLog object at 0x7f7b1255f350>timeout=201600uid=1000gid=425user='mockbuild'unshare_net=TrueprintOutput=Falsenspawn_args=['--capability=cap_ipc_lock', '--bind=/tmp/mock-resolv.torg_0sr:/etc/resolv.conf', '--bind=/dev/btrfs-control', '--bind=/dev/mapper/control', '--bind=/dev/fuse', '--bind=/dev/loop-control', '--bind=/dev/loop0', '--bind=/dev/loop1', '--bind=/dev/loop2', '--bind=/dev/loop3', '--bind=/dev/loop4', '--bind=/dev/loop5', '--bind=/dev/loop6', '--bind=/dev/loop7', '--bind=/dev/loop8', '--bind=/dev/loop9', '--bind=/dev/loop10', '--bind=/dev/loop11'])
Using nspawn with args ['--capability=cap_ipc_lock', '--bind=/tmp/mock-resolv.torg_0sr:/etc/resolv.conf', '--bind=/dev/btrfs-control', '--bind=/dev/mapper/control', '--bind=/dev/fuse', '--bind=/dev/loop-control', '--bind=/dev/loop0', '--bind=/dev/loop1', '--bind=/dev/loop2', '--bind=/dev/loop3', '--bind=/dev/loop4', '--bind=/dev/loop5', '--bind=/dev/loop6', '--bind=/dev/loop7', '--bind=/dev/loop8', '--bind=/dev/loop9', '--bind=/dev/loop10', '--bind=/dev/loop11']
Executing command: ['/usr/bin/systemd-nspawn', '-q', '-M', 'eda8ae97f20c42b18508c87d9c585815', '-D', '/var/lib/mock/f44-build-65136645-6632254/root', '-a', '-u', 'mockbuild', '--capability=cap_ipc_lock', '--bind=/tmp/mock-resolv.torg_0sr:/etc/resolv.conf', '--bind=/dev/btrfs-control', '--bind=/dev/mapper/control', '--bind=/dev/fuse', '--bind=/dev/loop-control', '--bind=/dev/loop0', '--bind=/dev/loop1', '--bind=/dev/loop2', '--bind=/dev/loop3', '--bind=/dev/loop4', '--bind=/dev/loop5', '--bind=/dev/loop6', '--bind=/dev/loop7', '--bind=/dev/loop8', '--bind=/dev/loop9', '--bind=/dev/loop10', '--bind=/dev/loop11', '--console=pipe', '--setenv=TERM=vt100', '--setenv=SHELL=/bin/bash', '--setenv=HOME=/builddir', '--setenv=HOSTNAME=mock', '--setenv=PATH=/usr/bin:/bin:/usr/sbin:/sbin', '--setenv=PROMPT_COMMAND=printf "\\033]0;<mock-chroot>\\007"', '--setenv=PS1=<mock-chroot> \\s-\\v\\$ ', '--setenv=LANG=C.UTF-8', '--resolv-conf=off', 'bash', '--login', '-c', '/usr/bin/rpmbuild -bs --noclean --target i686 --nodeps /builddir/build/SPECS/6tunnel.spec'] with env {'TERM': 'vt100', 'SHELL': '/bin/bash', 'HOME': '/builddir', 'HOSTNAME': 'mock', 'PATH': '/usr/bin:/bin:/usr/sbin:/sbin', 'PROMPT_COMMAND': 'printf "\\033]0;<mock-chroot>\\007"', 'PS1': '<mock-chroot> \\s-\\v\\$ ', 'LANG': 'C.UTF-8', 'SYSTEMD_NSPAWN_TMPFS_TMP': '0', 'SYSTEMD_SECCOMP': '0'} and shell False
Building target platforms: i686
Building for target i686
setting SOURCE_DATE_EPOCH=1768521600
Wrote: /builddir/build/SRPMS/6tunnel-0.14-3.fc44.src.rpm
Child return code was: 0
ENTER ['do_with_status'](['bash', '--login', '-c', '/usr/bin/rpmbuild -bb --noclean --target i686 --nodeps /builddir/build/SPECS/6tunnel.spec'], chrootPath='/var/lib/mock/f44-build-65136645-6632254/root'env={'TERM': 'vt100', 'SHELL': '/bin/bash', 'HOME': '/builddir', 'HOSTNAME': 'mock', 'PATH': '/usr/bin:/bin:/usr/sbin:/sbin', 'PROMPT_COMMAND': 'printf "\\033]0;<mock-chroot>\\007"', 'PS1': '<mock-chroot> \\s-\\v\\$ ', 'LANG': 'C.UTF-8'}shell=Falselogger=<mockbuild.trace_decorator.getLog object at 0x7f7b1255f350>timeout=201600uid=1000gid=425user='mockbuild'unshare_net=TrueprintOutput=Falsenspawn_args=['--capability=cap_ipc_lock', '--bind=/tmp/mock-resolv.torg_0sr:/etc/resolv.conf', '--bind=/dev/btrfs-control', '--bind=/dev/mapper/control', '--bind=/dev/fuse', '--bind=/dev/loop-control', '--bind=/dev/loop0', '--bind=/dev/loop1', '--bind=/dev/loop2', '--bind=/dev/loop3', '--bind=/dev/loop4', '--bind=/dev/loop5', '--bind=/dev/loop6', '--bind=/dev/loop7', '--bind=/dev/loop8', '--bind=/dev/loop9', '--bind=/dev/loop10', '--bind=/dev/loop11'])
Using nspawn with args ['--capability=cap_ipc_lock', '--bind=/tmp/mock-resolv.torg_0sr:/etc/resolv.conf', '--bind=/dev/btrfs-control', '--bind=/dev/mapper/control', '--bind=/dev/fuse', '--bind=/dev/loop-control', '--bind=/dev/loop0', '--bind=/dev/loop1', '--bind=/dev/loop2', '--bind=/dev/loop3', '--bind=/dev/loop4', '--bind=/dev/loop5', '--bind=/dev/loop6', '--bind=/dev/loop7', '--bind=/dev/loop8', '--bind=/dev/loop9', '--bind=/dev/loop10', '--bind=/dev/loop11']
Executing command: ['/usr/bin/systemd-nspawn', '-q', '-M', 'f0fb3e88949948b9a8404e92ad5f7102', '-D', '/var/lib/mock/f44-build-65136645-6632254/root', '-a', '-u', 'mockbuild', '--capability=cap_ipc_lock', '--bind=/tmp/mock-resolv.torg_0sr:/etc/resolv.conf', '--bind=/dev/btrfs-control', '--bind=/dev/mapper/control', '--bind=/dev/fuse', '--bind=/dev/loop-control', '--bind=/dev/loop0', '--bind=/dev/loop1', '--bind=/dev/loop2', '--bind=/dev/loop3', '--bind=/dev/loop4', '--bind=/dev/loop5', '--bind=/dev/loop6', '--bind=/dev/loop7', '--bind=/dev/loop8', '--bind=/dev/loop9', '--bind=/dev/loop10', '--bind=/dev/loop11', '--console=pipe', '--setenv=TERM=vt100', '--setenv=SHELL=/bin/bash', '--setenv=HOME=/builddir', '--setenv=HOSTNAME=mock', '--setenv=PATH=/usr/bin:/bin:/usr/sbin:/sbin', '--setenv=PROMPT_COMMAND=printf "\\033]0;<mock-chroot>\\007"', '--setenv=PS1=<mock-chroot> \\s-\\v\\$ ', '--setenv=LANG=C.UTF-8', '--resolv-conf=off', 'bash', '--login', '-c', '/usr/bin/rpmbuild -bb --noclean --target i686 --nodeps /builddir/build/SPECS/6tunnel.spec'] with env {'TERM': 'vt100', 'SHELL': '/bin/bash', 'HOME': '/builddir', 'HOSTNAME': 'mock', 'PATH': '/usr/bin:/bin:/usr/sbin:/sbin', 'PROMPT_COMMAND': 'printf "\\033]0;<mock-chroot>\\007"', 'PS1': '<mock-chroot> \\s-\\v\\$ ', 'LANG': 'C.UTF-8', 'SYSTEMD_NSPAWN_TMPFS_TMP': '0', 'SYSTEMD_SECCOMP': '0'} and shell False
Building target platforms: i686
Building for target i686
setting SOURCE_DATE_EPOCH=1768521600
Executing(%mkbuilddir): /bin/sh -e /var/tmp/rpm-tmp.h0Ubfq
Executing(%prep): /bin/sh -e /var/tmp/rpm-tmp.wL8uAd
+ umask 022
+ cd /builddir/build/BUILD/6tunnel-0.14-build
+ cd /builddir/build/BUILD/6tunnel-0.14-build
+ rm -rf 6tunnel-0.14
+ /usr/lib/rpm/rpmuncompress -x /builddir/build/SOURCES/6tunnel-0.14.tar.gz
+ STATUS=0
+ '[' 0 -ne 0 ']'
+ cd 6tunnel-0.14
+ /usr/bin/chmod -Rf a+rX,u+w,g-w,o-w .
+ RPM_EC=0
++ jobs -p
+ exit 0
Executing(%build): /bin/sh -e /var/tmp/rpm-tmp.4bffF9
+ umask 022
+ cd /builddir/build/BUILD/6tunnel-0.14-build
+ CFLAGS='-O2 -flto=auto -ffat-lto-objects -fexceptions -g -grecord-gcc-switches -pipe -Wall -Werror=format-security -Wp,-U_FORTIFY_SOURCE,-D_FORTIFY_SOURCE=3 -Wp,-D_GLIBCXX_ASSERTIONS -specs=/usr/lib/rpm/redhat/redhat-hardened-cc1 -fstack-protector-strong -specs=/usr/lib/rpm/redhat/redhat-annobin-cc1  -m32 -march=i686 -mtune=generic -msse2 -mfpmath=sse -mstackrealign -fasynchronous-unwind-tables -fstack-clash-protection -mtls-dialect=gnu  '
+ export CFLAGS
+ CXXFLAGS='-O2 -flto=auto -ffat-lto-objects -fexceptions -g -grecord-gcc-switches -pipe -Wall -Werror=format-security -Wp,-U_FORTIFY_SOURCE,-D_FORTIFY_SOURCE=3 -Wp,-D_GLIBCXX_ASSERTIONS -specs=/usr/lib/rpm/redhat/redhat-hardened-cc1 -fstack-protector-strong -specs=/usr/lib/rpm/redhat/redhat-annobin-cc1  -m32 -march=i686 -mtune=generic -msse2 -mfpmath=sse -mstackrealign -fasynchronous-unwind-tables -fstack-clash-protection -mtls-dialect=gnu  '
+ export CXXFLAGS
+ FFLAGS='-O2 -flto=auto -ffat-lto-objects -fexceptions -g -grecord-gcc-switches -pipe -Wall -Wp,-U_FORTIFY_SOURCE,-D_FORTIFY_SOURCE=3 -Wp,-D_GLIBCXX_ASSERTIONS -specs=/usr/lib/rpm/redhat/redhat-hardened-cc1 -fstack-protector-strong -specs=/usr/lib/rpm/redhat/redhat-annobin-cc1  -m32 -march=i686 -mtune=generic -msse2 -mfpmath=sse -mstackrealign -fasynchronous-unwind-tables -fstack-clash-protection -mtls-dialect=gnu -I/usr/lib/gfortran/modules  '
+ export FFLAGS
+ FCFLAGS='-O2 -flto=auto -ffat-lto-objects -fexceptions -g -grecord-gcc-switches -pipe -Wall -Wp,-U_FORTIFY_SOURCE,-D_FORTIFY_SOURCE=3 -Wp,-D_GLIBCXX_ASSERTIONS -specs=/usr/lib/rpm/redhat/redhat-hardened-cc1 -fstack-protector-strong -specs=/usr/lib/rpm/redhat/redhat-annobin-cc1  -m32 -march=i686 -mtune=generic -msse2 -mfpmath=sse -mstackrealign -fasynchronous-unwind-tables -fstack-clash-protection -mtls-dialect=gnu -I/usr/lib/gfortran/modules  '
+ export FCFLAGS
+ VALAFLAGS=-g
+ export VALAFLAGS
+ RUSTFLAGS='-Copt-level=3 -Cdebuginfo=2 -Ccodegen-units=1 -Cstrip=none -Clink-arg=-specs=/usr/lib/rpm/redhat/redhat-package-notes --cap-lints=warn'
+ export RUSTFLAGS
+ LDFLAGS='-Wl,-z,relro -Wl,--as-needed  -Wl,-z,pack-relative-relocs -Wl,-z,now -specs=/usr/lib/rpm/redhat/redhat-hardened-ld -specs=/usr/lib/rpm/redhat/redhat-hardened-ld-errors -specs=/usr/lib/rpm/redhat/redhat-annobin-cc1  -Wl,--build-id=sha1 -specs=/usr/lib/rpm/redhat/redhat-package-notes  '
+ export LDFLAGS
+ LT_SYS_LIBRARY_PATH=/usr/lib:
+ export LT_SYS_LIBRARY_PATH
+ CC=gcc
+ export CC
+ CXX=g++
+ export CXX
+ cd 6tunnel-0.14
+ autoreconf -vif
autoreconf: export WARNINGS=
autoreconf: Entering directory '.'
autoreconf: configure.ac: not using Gettext
autoreconf: running: aclocal --force 
autoreconf: configure.ac: tracing
autoreconf: configure.ac: not using Libtool
autoreconf: configure.ac: not using Intltool
autoreconf: configure.ac: not using Gtkdoc
autoreconf: configure.ac: not needing autopoint
autoreconf: running: /usr/bin/autoconf --force
autoreconf: configure.ac: not using Autoheader
autoreconf: running: automake --add-missing --copy --force-missing
configure.ac:3: installing './compile'
configure.ac:2: installing './missing'
Makefile.am: installing './depcomp'
parallel-tests: installing './test-driver'
autoreconf: Leaving directory '.'
+ CFLAGS='-O2 -flto=auto -ffat-lto-objects -fexceptions -g -grecord-gcc-switches -pipe -Wall -Werror=format-security -Wp,-U_FORTIFY_SOURCE,-D_FORTIFY_SOURCE=3 -Wp,-D_GLIBCXX_ASSERTIONS -specs=/usr/lib/rpm/redhat/redhat-hardened-cc1 -fstack-protector-strong -specs=/usr/lib/rpm/redhat/redhat-annobin-cc1  -m32 -march=i686 -mtune=generic -msse2 -mfpmath=sse -mstackrealign -fasynchronous-unwind-tables -fstack-clash-protection -mtls-dialect=gnu  '
+ export CFLAGS
+ CXXFLAGS='-O2 -flto=auto -ffat-lto-objects -fexceptions -g -grecord-gcc-switches -pipe -Wall -Werror=format-security -Wp,-U_FORTIFY_SOURCE,-D_FORTIFY_SOURCE=3 -Wp,-D_GLIBCXX_ASSERTIONS -specs=/usr/lib/rpm/redhat/redhat-hardened-cc1 -fstack-protector-strong -specs=/usr/lib/rpm/redhat/redhat-annobin-cc1  -m32 -march=i686 -mtune=generic -msse2 -mfpmath=sse -mstackrealign -fasynchronous-unwind-tables -fstack-clash-protection -mtls-dialect=gnu  '
+ export CXXFLAGS
+ FFLAGS='-O2 -flto=auto -ffat-lto-objects -fexceptions -g -grecord-gcc-switches -pipe -Wall -Wp,-U_FORTIFY_SOURCE,-D_FORTIFY_SOURCE=3 -Wp,-D_GLIBCXX_ASSERTIONS -specs=/usr/lib/rpm/redhat/redhat-hardened-cc1 -fstack-protector-strong -specs=/usr/lib/rpm/redhat/redhat-annobin-cc1  -m32 -march=i686 -mtune=generic -msse2 -mfpmath=sse -mstackrealign -fasynchronous-unwind-tables -fstack-clash-protection -mtls-dialect=gnu -I/usr/lib/gfortran/modules  '
+ export FFLAGS
+ FCFLAGS='-O2 -flto=auto -ffat-lto-objects -fexceptions -g -grecord-gcc-switches -pipe -Wall -Wp,-U_FORTIFY_SOURCE,-D_FORTIFY_SOURCE=3 -Wp,-D_GLIBCXX_ASSERTIONS -specs=/usr/lib/rpm/redhat/redhat-hardened-cc1 -fstack-protector-strong -specs=/usr/lib/rpm/redhat/redhat-annobin-cc1  -m32 -march=i686 -mtune=generic -msse2 -mfpmath=sse -mstackrealign -fasynchronous-unwind-tables -fstack-clash-protection -mtls-dialect=gnu -I/usr/lib/gfortran/modules  '
+ export FCFLAGS
+ VALAFLAGS=-g
+ export VALAFLAGS
+ RUSTFLAGS='-Copt-level=3 -Cdebuginfo=2 -Ccodegen-units=1 -Cstrip=none -Clink-arg=-specs=/usr/lib/rpm/redhat/redhat-package-notes --cap-lints=warn'
+ export RUSTFLAGS
+ LDFLAGS='-Wl,-z,relro -Wl,--as-needed  -Wl,-z,pack-relative-relocs -Wl,-z,now -specs=/usr/lib/rpm/redhat/redhat-hardened-ld -specs=/usr/lib/rpm/redhat/redhat-hardened-ld-errors -specs=/usr/lib/rpm/redhat/redhat-annobin-cc1  -Wl,--build-id=sha1 -specs=/usr/lib/rpm/redhat/redhat-package-notes  '
+ export LDFLAGS
+ LT_SYS_LIBRARY_PATH=/usr/lib:
+ export LT_SYS_LIBRARY_PATH
+ CC=gcc
+ export CC
+ CXX=g++
+ export CXX
+ '[' '-flto=auto -ffat-lto-objectsx' '!=' x ']'
++ find . -type f -name configure -print
+ for file in $(find . -type f -name configure -print)
+ /usr/bin/sed -r --in-place=.backup 's/^char \(\*f\) \(\) = /__attribute__ ((used)) char (*f) () = /g' ./configure
+ diff -u ./configure.backup ./configure
+ mv ./configure.backup ./configure
+ /usr/bin/sed -r --in-place=.backup 's/^char \(\*f\) \(\);/__attribute__ ((used)) char (*f) ();/g' ./configure
+ diff -u ./configure.backup ./configure
+ mv ./configure.backup ./configure
+ /usr/bin/sed -r --in-place=.backup 's/^char \$2 \(\);/__attribute__ ((used)) char \$2 ();/g' ./configure
+ diff -u ./configure.backup ./configure
+ mv ./configure.backup ./configure
+ /usr/bin/sed --in-place=.backup '1{$!N;$!N};$!N;s/int x = 1;\nint y = 0;\nint z;\nint nan;/volatile int x = 1; volatile int y = 0; volatile int z, nan;/;P;D' ./configure
+ diff -u ./configure.backup ./configure
+ mv ./configure.backup ./configure
+ /usr/bin/sed -r --in-place=.backup '/lt_cv_sys_global_symbol_to_cdecl=/s#(".*"|'\''.*'\'')#"sed -n -e '\''s/^T .* \\(.*\\)$/extern int \\1();/p'\'' -e '\''s/^$symcode* .* \\(.*\\)$/extern char \\1;/p'\''"#' ./configure
+ diff -u ./configure.backup ./configure
+ mv ./configure.backup ./configure
+ '[' 1 = 1 ']'
+++ dirname ./configure
++ find . -name config.guess -o -name config.sub
+ '[' 1 = 1 ']'
+ '[' x '!=' 'x-Wl,-z,now -specs=/usr/lib/rpm/redhat/redhat-hardened-ld -specs=/usr/lib/rpm/redhat/redhat-hardened-ld-errors' ']'
++ find . -name ltmain.sh
++ grep -q runstatedir=DIR ./configure
++ echo --runstatedir=/run
+ ./configure --build=i686-redhat-linux-gnu --host=i686-redhat-linux-gnu --program-prefix= --disable-dependency-tracking --prefix=/usr --exec-prefix=/usr --bindir=/usr/bin --sbindir=/usr/bin --sysconfdir=/etc --datadir=/usr/share --includedir=/usr/include --libdir=/usr/lib --libexecdir=/usr/libexec --localstatedir=/var --runstatedir=/run --sharedstatedir=/var/lib --mandir=/usr/share/man --infodir=/usr/share/info
checking for a BSD-compatible install... /usr/bin/install -c
checking whether sleep supports fractional seconds... yes
checking filesystem timestamp resolution... 0.01
checking whether build environment is sane... yes
checking for a race-free mkdir -p... /usr/bin/mkdir -p
checking for gawk... gawk
checking whether make sets $(MAKE)... yes
checking whether make supports nested variables... yes
checking xargs -n works... yes
checking how to create a pax tar archive... gnutar
checking for i686-redhat-linux-gnu-gcc... gcc
checking whether the C compiler works... yes
checking for C compiler default output file name... a.out
checking for suffix of executables... 
checking whether we are cross compiling... no
checking for suffix of object files... o
checking whether the compiler supports GNU C... yes
checking whether gcc accepts -g... yes
checking for gcc option to enable C11 features... none needed
checking whether gcc understands -c and -o together... yes
checking whether make supports the include directive... yes (GNU style)
checking dependency style of gcc... none
checking whether make sets $(MAKE)... (cached) yes
checking for strip... /usr/bin/strip
checking for t_accept in -lnsl... no
checking for socket in -lsocket... no
checking for main in -linet6... no
checking for stdio.h... yes
checking for stdlib.h... yes
checking for string.h... yes
checking for inttypes.h... yes
checking for stdint.h... yes
checking for strings.h... yes
checking for sys/stat.h... yes
checking for sys/types.h... yes
checking for unistd.h... yes
checking for sys/socket.h... yes
checking for netinet/in.h... yes
checking for arpa/inet.h... yes
checking for netdb.h... yes
checking for getaddrinfo... yes
checking for struct sockaddr_in6... yes
checking for AF_INET6... yes
checking that generated files are newer than configure... done
configure: creating ./config.status
config.status: creating Makefile
config.status: executing depfiles commands
+ /usr/bin/make -O -j8 V=1 VERBOSE=1 'CFLAGS=-O2 -flto=auto -ffat-lto-objects -fexceptions -g -grecord-gcc-switches -pipe -Wall -Wno-complain-wrong-lang -Werror=format-security -Wp,-U_FORTIFY_SOURCE,-D_FORTIFY_SOURCE=3 -Wp,-D_GLIBCXX_ASSERTIONS -specs=/usr/lib/rpm/redhat/redhat-hardened-cc1 -fstack-protector-strong -specs=/usr/lib/rpm/redhat/redhat-annobin-cc1  -m32 -march=i686 -mtune=generic -msse2 -mfpmath=sse -mstackrealign -fasynchronous-unwind-tables -fstack-clash-protection -mtls-dialect=gnu -std=gnu17'
gcc -DPACKAGE_NAME=\"6tunnel\" -DPACKAGE_TARNAME=\"6tunnel\" -DPACKAGE_VERSION=\"0.14\" -DPACKAGE_STRING=\"6tunnel\ 0.14\" -DPACKAGE_BUGREPORT=\"\" -DPACKAGE_URL=\"\" -DPACKAGE=\"6tunnel\" -DVERSION=\"0.14\" -DHAVE_STDIO_H=1 -DHAVE_STDLIB_H=1 -DHAVE_STRING_H=1 -DHAVE_INTTYPES_H=1 -DHAVE_STDINT_H=1 -DHAVE_STRINGS_H=1 -DHAVE_SYS_STAT_H=1 -DHAVE_SYS_TYPES_H=1 -DHAVE_UNISTD_H=1 -DSTDC_HEADERS=1 -DHAVE_SYS_SOCKET_H=1 -DHAVE_NETINET_IN_H=1 -DHAVE_ARPA_INET_H=1 -DHAVE_NETDB_H=1 -DHAVE_GETADDRINFO=1 -DHAVE_STRUCT_SOCKADDR_IN6=1 -I.     -O2 -flto=auto -ffat-lto-objects -fexceptions -g -grecord-gcc-switches -pipe -Wall -Wno-complain-wrong-lang -Werror=format-security -Wp,-U_FORTIFY_SOURCE,-D_FORTIFY_SOURCE=3 -Wp,-D_GLIBCXX_ASSERTIONS -specs=/usr/lib/rpm/redhat/redhat-hardened-cc1 -fstack-protector-strong -specs=/usr/lib/rpm/redhat/redhat-annobin-cc1  -m32 -march=i686 -mtune=generic -msse2 -mfpmath=sse -mstackrealign -fasynchronous-unwind-tables -fstack-clash-protection -mtls-dialect=gnu -std=gnu17 -c -o 6tunnel.o 6tunnel.c
gcc  -O2 -flto=auto -ffat-lto-objects -fexceptions -g -grecord-gcc-switches -pipe -Wall -Wno-complain-wrong-lang -Werror=format-security -Wp,-U_FORTIFY_SOURCE,-D_FORTIFY_SOURCE=3 -Wp,-D_GLIBCXX_ASSERTIONS -specs=/usr/lib/rpm/redhat/redhat-hardened-cc1 -fstack-protector-strong -specs=/usr/lib/rpm/redhat/redhat-annobin-cc1  -m32 -march=i686 -mtune=generic -msse2 -mfpmath=sse -mstackrealign -fasynchronous-unwind-tables -fstack-clash-protection -mtls-dialect=gnu -std=gnu17  -Wl,-z,relro -Wl,--as-needed  -Wl,-z,pack-relative-relocs -Wl,-z,now -specs=/usr/lib/rpm/redhat/redhat-hardened-ld -specs=/usr/lib/rpm/redhat/redhat-hardened-ld-errors -specs=/usr/lib/rpm/redhat/redhat-annobin-cc1  -Wl,--build-id=sha1 -specs=/usr/lib/rpm/redhat/redhat-package-notes   -o 6tunnel 6tunnel.o  
+ RPM_EC=0
++ jobs -p
+ exit 0
Executing(%install): /bin/sh -e /var/tmp/rpm-tmp.Q39Ta2
+ umask 022
+ cd /builddir/build/BUILD/6tunnel-0.14-build
+ '[' /builddir/build/BUILD/6tunnel-0.14-build/BUILDROOT '!=' / ']'
+ rm -rf /builddir/build/BUILD/6tunnel-0.14-build/BUILDROOT
++ dirname /builddir/build/BUILD/6tunnel-0.14-build/BUILDROOT
+ mkdir -p /builddir/build/BUILD/6tunnel-0.14-build
+ mkdir /builddir/build/BUILD/6tunnel-0.14-build/BUILDROOT
+ CFLAGS='-O2 -flto=auto -ffat-lto-objects -fexceptions -g -grecord-gcc-switches -pipe -Wall -Werror=format-security -Wp,-U_FORTIFY_SOURCE,-D_FORTIFY_SOURCE=3 -Wp,-D_GLIBCXX_ASSERTIONS -specs=/usr/lib/rpm/redhat/redhat-hardened-cc1 -fstack-protector-strong -specs=/usr/lib/rpm/redhat/redhat-annobin-cc1  -m32 -march=i686 -mtune=generic -msse2 -mfpmath=sse -mstackrealign -fasynchronous-unwind-tables -fstack-clash-protection -mtls-dialect=gnu  '
+ export CFLAGS
+ CXXFLAGS='-O2 -flto=auto -ffat-lto-objects -fexceptions -g -grecord-gcc-switches -pipe -Wall -Werror=format-security -Wp,-U_FORTIFY_SOURCE,-D_FORTIFY_SOURCE=3 -Wp,-D_GLIBCXX_ASSERTIONS -specs=/usr/lib/rpm/redhat/redhat-hardened-cc1 -fstack-protector-strong -specs=/usr/lib/rpm/redhat/redhat-annobin-cc1  -m32 -march=i686 -mtune=generic -msse2 -mfpmath=sse -mstackrealign -fasynchronous-unwind-tables -fstack-clash-protection -mtls-dialect=gnu  '
+ export CXXFLAGS
+ FFLAGS='-O2 -flto=auto -ffat-lto-objects -fexceptions -g -grecord-gcc-switches -pipe -Wall -Wp,-U_FORTIFY_SOURCE,-D_FORTIFY_SOURCE=3 -Wp,-D_GLIBCXX_ASSERTIONS -specs=/usr/lib/rpm/redhat/redhat-hardened-cc1 -fstack-protector-strong -specs=/usr/lib/rpm/redhat/redhat-annobin-cc1  -m32 -march=i686 -mtune=generic -msse2 -mfpmath=sse -mstackrealign -fasynchronous-unwind-tables -fstack-clash-protection -mtls-dialect=gnu -I/usr/lib/gfortran/modules  '
+ export FFLAGS
+ FCFLAGS='-O2 -flto=auto -ffat-lto-objects -fexceptions -g -grecord-gcc-switches -pipe -Wall -Wp,-U_FORTIFY_SOURCE,-D_FORTIFY_SOURCE=3 -Wp,-D_GLIBCXX_ASSERTIONS -specs=/usr/lib/rpm/redhat/redhat-hardened-cc1 -fstack-protector-strong -specs=/usr/lib/rpm/redhat/redhat-annobin-cc1  -m32 -march=i686 -mtune=generic -msse2 -mfpmath=sse -mstackrealign -fasynchronous-unwind-tables -fstack-clash-protection -mtls-dialect=gnu -I/usr/lib/gfortran/modules  '
+ export FCFLAGS
+ VALAFLAGS=-g
+ export VALAFLAGS
+ RUSTFLAGS='-Copt-level=3 -Cdebuginfo=2 -Ccodegen-units=1 -Cstrip=none -Clink-arg=-specs=/usr/lib/rpm/redhat/redhat-package-notes --cap-lints=warn'
+ export RUSTFLAGS
+ LDFLAGS='-Wl,-z,relro -Wl,--as-needed  -Wl,-z,pack-relative-relocs -Wl,-z,now -specs=/usr/lib/rpm/redhat/redhat-hardened-ld -specs=/usr/lib/rpm/redhat/redhat-hardened-ld-errors -specs=/usr/lib/rpm/redhat/redhat-annobin-cc1  -Wl,--build-id=sha1 -specs=/usr/lib/rpm/redhat/redhat-package-notes  '
+ export LDFLAGS
+ LT_SYS_LIBRARY_PATH=/usr/lib:
+ export LT_SYS_LIBRARY_PATH
+ CC=gcc
+ export CC
+ CXX=g++
+ export CXX
+ cd 6tunnel-0.14
+ /usr/bin/make install DESTDIR=/builddir/build/BUILD/6tunnel-0.14-build/BUILDROOT 'INSTALL=/usr/bin/install -p'
make[1]: Entering directory '/builddir/build/BUILD/6tunnel-0.14-build/6tunnel-0.14'
 /usr/bin/mkdir -p '/builddir/build/BUILD/6tunnel-0.14-build/BUILDROOT/usr/bin'
  /usr/bin/install -p 6tunnel '/builddir/build/BUILD/6tunnel-0.14-build/BUILDROOT/usr/bin'
 /usr/bin/mkdir -p '/builddir/build/BUILD/6tunnel-0.14-build/BUILDROOT/usr/share/man/man1'
 /usr/bin/install -p -m 644 6tunnel.1 '/builddir/build/BUILD/6tunnel-0.14-build/BUILDROOT/usr/share/man/man1'
make[1]: Leaving directory '/builddir/build/BUILD/6tunnel-0.14-build/6tunnel-0.14'
+ /usr/bin/find-debuginfo -j8 --strict-build-id -m -i --build-id-seed 0.14-3.fc44 --unique-debug-suffix -0.14-3.fc44.i386 --unique-debug-src-base 6tunnel-0.14-3.fc44.i386 --run-dwz --dwz-low-mem-die-limit 10000000 --dwz-max-die-limit 50000000 --remove-section .gnu.build.attributes -S debugsourcefiles.list /builddir/build/BUILD/6tunnel-0.14-build/6tunnel-0.14
find-debuginfo: starting
Extracting debug info from 1 files
DWARF-compressing 1 files
sepdebugcrcfix: Updated 1 CRC32s, 0 CRC32s did match.
Creating .debug symlinks for symlinks to ELF files
Copying sources found by 'debugedit -l' to /usr/src/debug/6tunnel-0.14-3.fc44.i386
find-debuginfo: done
+ /usr/lib/rpm/check-buildroot
+ /usr/lib/rpm/redhat/brp-ldconfig
+ COMPRESS='gzip -9 -n'
+ COMPRESS_EXT=.gz
+ /usr/lib/rpm/brp-compress
+ /usr/lib/rpm/redhat/brp-strip-lto /usr/bin/strip
+ /usr/lib/rpm/check-rpaths
+ /usr/lib/rpm/redhat/brp-mangle-shebangs
+ /usr/lib/rpm/brp-remove-la-files
+ /usr/lib/rpm/redhat/brp-python-rpm-in-distinfo
+ env /usr/lib/rpm/redhat/brp-python-bytecompile '' 1 0 -j8
+ /usr/lib/rpm/redhat/brp-python-hardlink
+ /usr/bin/add-det --brp -j8 /builddir/build/BUILD/6tunnel-0.14-build/BUILDROOT
Scanned 13 directories and 4 files,
    processed 1 inodes,
    0 modified (0 replaced + 0 rewritten),
    0 unsupported format, 0 errors
+ /usr/bin/linkdupes --brp /builddir/build/BUILD/6tunnel-0.14-build/BUILDROOT/usr
Scanned 12 directories and 4 files,
    considered 4 files, read 0 files, linked 0 files, 0 errors
    sum of sizes of linked files: 0 bytes
Reading /builddir/build/BUILD/6tunnel-0.14-build/SPECPARTS/rpm-debuginfo.specpart
Executing(%check): /bin/sh -e /var/tmp/rpm-tmp.FN2wIj
+ umask 022
+ cd /builddir/build/BUILD/6tunnel-0.14-build
+ CFLAGS='-O2 -flto=auto -ffat-lto-objects -fexceptions -g -grecord-gcc-switches -pipe -Wall -Werror=format-security -Wp,-U_FORTIFY_SOURCE,-D_FORTIFY_SOURCE=3 -Wp,-D_GLIBCXX_ASSERTIONS -specs=/usr/lib/rpm/redhat/redhat-hardened-cc1 -fstack-protector-strong -specs=/usr/lib/rpm/redhat/redhat-annobin-cc1  -m32 -march=i686 -mtune=generic -msse2 -mfpmath=sse -mstackrealign -fasynchronous-unwind-tables -fstack-clash-protection -mtls-dialect=gnu  '
+ export CFLAGS
+ CXXFLAGS='-O2 -flto=auto -ffat-lto-objects -fexceptions -g -grecord-gcc-switches -pipe -Wall -Werror=format-security -Wp,-U_FORTIFY_SOURCE,-D_FORTIFY_SOURCE=3 -Wp,-D_GLIBCXX_ASSERTIONS -specs=/usr/lib/rpm/redhat/redhat-hardened-cc1 -fstack-protector-strong -specs=/usr/lib/rpm/redhat/redhat-annobin-cc1  -m32 -march=i686 -mtune=generic -msse2 -mfpmath=sse -mstackrealign -fasynchronous-unwind-tables -fstack-clash-protection -mtls-dialect=gnu  '
+ export CXXFLAGS
+ FFLAGS='-O2 -flto=auto -ffat-lto-objects -fexceptions -g -grecord-gcc-switches -pipe -Wall -Wp,-U_FORTIFY_SOURCE,-D_FORTIFY_SOURCE=3 -Wp,-D_GLIBCXX_ASSERTIONS -specs=/usr/lib/rpm/redhat/redhat-hardened-cc1 -fstack-protector-strong -specs=/usr/lib/rpm/redhat/redhat-annobin-cc1  -m32 -march=i686 -mtune=generic -msse2 -mfpmath=sse -mstackrealign -fasynchronous-unwind-tables -fstack-clash-protection -mtls-dialect=gnu -I/usr/lib/gfortran/modules  '
+ export FFLAGS
+ FCFLAGS='-O2 -flto=auto -ffat-lto-objects -fexceptions -g -grecord-gcc-switches -pipe -Wall -Wp,-U_FORTIFY_SOURCE,-D_FORTIFY_SOURCE=3 -Wp,-D_GLIBCXX_ASSERTIONS -specs=/usr/lib/rpm/redhat/redhat-hardened-cc1 -fstack-protector-strong -specs=/usr/lib/rpm/redhat/redhat-annobin-cc1  -m32 -march=i686 -mtune=generic -msse2 -mfpmath=sse -mstackrealign -fasynchronous-unwind-tables -fstack-clash-protection -mtls-dialect=gnu -I/usr/lib/gfortran/modules  '
+ export FCFLAGS
+ VALAFLAGS=-g
+ export VALAFLAGS
+ RUSTFLAGS='-Copt-level=3 -Cdebuginfo=2 -Ccodegen-units=1 -Cstrip=none -Clink-arg=-specs=/usr/lib/rpm/redhat/redhat-package-notes --cap-lints=warn'
+ export RUSTFLAGS
+ LDFLAGS='-Wl,-z,relro -Wl,--as-needed  -Wl,-z,pack-relative-relocs -Wl,-z,now -specs=/usr/lib/rpm/redhat/redhat-hardened-ld -specs=/usr/lib/rpm/redhat/redhat-hardened-ld-errors -specs=/usr/lib/rpm/redhat/redhat-annobin-cc1  -Wl,--build-id=sha1 -specs=/usr/lib/rpm/redhat/redhat-package-notes  '
+ export LDFLAGS
+ LT_SYS_LIBRARY_PATH=/usr/lib:
+ export LT_SYS_LIBRARY_PATH
+ CC=gcc
+ export CC
+ CXX=g++
+ export CXX
+ cd 6tunnel-0.14
+ /usr/bin/python3 test.py
./6tunnel: unable to resolve host ::1
./6tunnel: unable to resolve host 127.0.0.1
./6tunnel: warning: both local and remote addresses are IPv4
./6tunnel: warning: both local and remote addresses are IPv4
./6tunnel: warning: both local and remote addresses are IPv4
./6tunnel: unable to resolve host ::1
./6tunnel: warning: both local and remote addresses are IPv4
./6tunnel: warning: both local and remote addresses are IPv4
./6tunnel: unable to resolve host ::1
./6tunnel: unable to resolve host 127.0.0.1
./6tunnel: unable to resolve host ::1
./6tunnel: warning: both local and remote addresses are IPv6
./6tunnel: warning: both local and remote addresses are IPv6
./6tunnel: warning: both local and remote addresses are IPv6
./6tunnel: unable to resolve host 127.0.0.1
./6tunnel: warning: both local and remote addresses are IPv6
./6tunnel: warning: both local and remote addresses are IPv6
./6tunnel: unable to resolve host 127.0.0.1
Running with -1  41061 ::1 35503
Running with -1 -l 127.0.0.1 35787 ::1 46085
Running with -1 -l ::1 32971 ::1 41875
Running with -1 -s ::1 39007 ::1 44231
Running with -1 -s 127.0.0.1 37113 ::1 42333
Running with -1 -4 43687 127.0.0.1 41041
Running with -1 -4 -l 127.0.0.1 41519 127.0.0.1 46081
Running with -1 -4 -l ::1 46643 127.0.0.1 37647
Running with -1 -4 -s 127.0.0.1 40647 127.0.0.1 35467
Running with -1 -4 -s ::1 39655 127.0.0.1 42045
Running with -1 -4 -6 36503 127.0.0.1 40297
Running with -1 -4 -6 -l ::1 40107 127.0.0.1 42365
Running with -1 -4 -6 -l 127.0.0.1 36597 127.0.0.1 37515
Running with -1 -4 -6 -s 127.0.0.1 35223 127.0.0.1 35437
Running with -1 -4 -6 -s ::1 40933 127.0.0.1 36791
Running with -1 -6 33881 ::1 34727
Running with -1 -6 -l ::1 43077 ::1 46349
Running with -1 -6 -l 127.0.0.1 41433 ::1 46203
Running with -1 -6 -s ::1 42275 ::1 44363
Running with -1 -6 -s 127.0.0.1 32933 ::1 45737
Running with -1 -I password 41883 ::1 36095
Running with -1 -i password 40937 ::1 46087
Running with -1 -i password 42185 ::1 33307
Running with -1 -i password 46355 ::1 36615
+ RPM_EC=0
++ jobs -p
+ exit 0
Processing files: 6tunnel-0.14-3.fc44.i686
Executing(%doc): /bin/sh -e /var/tmp/rpm-tmp.CNBCuu
+ umask 022
+ cd /builddir/build/BUILD/6tunnel-0.14-build
+ cd 6tunnel-0.14
+ DOCDIR=/builddir/build/BUILD/6tunnel-0.14-build/BUILDROOT/usr/share/doc/6tunnel
+ export LC_ALL=C.UTF-8
+ LC_ALL=C.UTF-8
+ export DOCDIR
+ /usr/bin/mkdir -p /builddir/build/BUILD/6tunnel-0.14-build/BUILDROOT/usr/share/doc/6tunnel
+ cp -pr /builddir/build/BUILD/6tunnel-0.14-build/6tunnel-0.14/README.md /builddir/build/BUILD/6tunnel-0.14-build/BUILDROOT/usr/share/doc/6tunnel
+ cp -pr /builddir/build/BUILD/6tunnel-0.14-build/6tunnel-0.14/ChangeLog /builddir/build/BUILD/6tunnel-0.14-build/BUILDROOT/usr/share/doc/6tunnel
+ RPM_EC=0
++ jobs -p
+ exit 0
Executing(%license): /bin/sh -e /var/tmp/rpm-tmp.mvtKNj
+ umask 022
+ cd /builddir/build/BUILD/6tunnel-0.14-build
+ cd 6tunnel-0.14
+ LICENSEDIR=/builddir/build/BUILD/6tunnel-0.14-build/BUILDROOT/usr/share/licenses/6tunnel
+ export LC_ALL=C.UTF-8
+ LC_ALL=C.UTF-8
+ export LICENSEDIR
+ /usr/bin/mkdir -p /builddir/build/BUILD/6tunnel-0.14-build/BUILDROOT/usr/share/licenses/6tunnel
+ cp -pr /builddir/build/BUILD/6tunnel-0.14-build/6tunnel-0.14/COPYING /builddir/build/BUILD/6tunnel-0.14-build/BUILDROOT/usr/share/licenses/6tunnel
+ RPM_EC=0
++ jobs -p
+ exit 0
Provides: 6tunnel = 0.14-3.fc44 6tunnel(x86-32) = 0.14-3.fc44
Requires(rpmlib): rpmlib(CompressedFileNames) <= 3.0.4-1 rpmlib(FileDigests) <= 4.6.0-1 rpmlib(PayloadFilesHavePrefix) <= 4.0-1
Requires: libc.so.6 libc.so.6(GLIBC_2.0) libc.so.6(GLIBC_2.1) libc.so.6(GLIBC_2.1.3) libc.so.6(GLIBC_2.15) libc.so.6(GLIBC_2.3) libc.so.6(GLIBC_2.3.4) libc.so.6(GLIBC_2.34) libc.so.6(GLIBC_2.4) libc.so.6(GLIBC_ABI_DT_RELR) libc.so.6(GLIBC_ABI_GNU_TLS) rtld(GNU_HASH)
Processing files: 6tunnel-debugsource-0.14-3.fc44.i686
Provides: 6tunnel-debugsource = 0.14-3.fc44 6tunnel-debugsource(x86-32) = 0.14-3.fc44
Requires(rpmlib): rpmlib(CompressedFileNames) <= 3.0.4-1 rpmlib(FileDigests) <= 4.6.0-1 rpmlib(PayloadFilesHavePrefix) <= 4.0-1
Processing files: 6tunnel-debuginfo-0.14-3.fc44.i686
Provides: 6tunnel-debuginfo = 0.14-3.fc44 6tunnel-debuginfo(x86-32) = 0.14-3.fc44 debuginfo(build-id) = e56fd078e9d413b77a4cefda879c84ca0b6a76a3
Requires(rpmlib): rpmlib(CompressedFileNames) <= 3.0.4-1 rpmlib(FileDigests) <= 4.6.0-1 rpmlib(PayloadFilesHavePrefix) <= 4.0-1
Recommends: 6tunnel-debugsource(x86-32) = 0.14-3.fc44
Checking for unpackaged file(s): /usr/lib/rpm/check-files /builddir/build/BUILD/6tunnel-0.14-build/BUILDROOT
Wrote: /builddir/build/RPMS/6tunnel-debugsource-0.14-3.fc44.i686.rpm
Wrote: /builddir/build/RPMS/6tunnel-0.14-3.fc44.i686.rpm
Wrote: /builddir/build/RPMS/6tunnel-debuginfo-0.14-3.fc44.i686.rpm
Child return code was: 0
